\BOOKMARK [1][-]{Doc-Start}{\376\377\004\022\004\062\004\065\004\064\004\065\004\075\004\070\004\065}{}% 1
\BOOKMARK [2][-]{subsection.0.1}{\376\377\004\046\004\065\004\073\004\114\000\040\004\070\000\040\004\067\004\060\004\064\004\060\004\107\004\070}{Doc-Start}% 2
\BOOKMARK [2][-]{subsection.0.2}{\376\377\004\030\004\101\004\077\004\076\004\073\004\114\004\067\004\103\004\065\004\074\004\113\004\065\000\040\004\102\004\065\004\105\004\075\004\076\004\073\004\076\004\063\004\070\004\070}{Doc-Start}% 3
\BOOKMARK [2][-]{subsection.0.3}{\376\377\004\041\004\102\004\100\004\103\004\072\004\102\004\103\004\100\004\060\000\040\004\077\004\076\004\117\004\101\004\075\004\070\004\102\004\065\004\073\004\114\004\075\004\076\004\071\000\040\004\067\004\060\004\077\004\070\004\101\004\072\004\070}{Doc-Start}% 4
\BOOKMARK [1][-]{section.1}{\376\377\004\022\004\113\004\061\004\076\004\100\000\040\004\101\004\070\004\074\004\062\004\076\004\073\004\060\000\040\004\070\004\067\000\040\004\060\004\073\004\104\004\060\004\062\004\070\004\102\004\060}{}% 5
\BOOKMARK [2][-]{subsection.1.1}{\376\377\004\020\004\075\004\060\004\073\004\070\004\102\004\070\004\107\004\065\004\101\004\072\004\076\004\065\000\040\004\100\004\065\004\110\004\065\004\075\004\070\004\065}{section.1}% 6
\BOOKMARK [2][-]{subsection.1.2}{\376\377\004\055\004\074\004\077\004\070\004\100\004\070\004\107\004\065\004\101\004\072\004\060\004\117\000\040\004\077\004\100\004\076\004\062\004\065\004\100\004\072\004\060}{section.1}% 7
\BOOKMARK [1][-]{section.2}{\376\377\004\034\004\076\004\064\004\065\004\073\004\070\004\100\004\076\004\062\004\060\004\075\004\070\004\065\000\040\004\115\004\077\004\070\004\064\004\065\004\074\004\070\004\070\000\040\004\075\004\060\000\040\004\063\004\100\004\060\004\104\004\065\000\040\004\101\004\076\004\106\004\070\004\060\004\073\004\114\004\075\004\113\004\105\000\040\004\072\004\076\004\075\004\102\004\060\004\072\004\102\004\076\004\062}{}% 8
\BOOKMARK [2][-]{subsection.2.1}{\376\377\004\034\004\076\004\064\004\065\004\073\004\114\000\040\004\070\000\040\004\101\004\102\004\100\004\103\004\072\004\102\004\103\004\100\004\113\000\040\004\064\004\060\004\075\004\075\004\113\004\105}{section.2}% 9
\BOOKMARK [2][-]{subsection.2.2}{\376\377\004\057\004\064\004\100\004\076\000\040\004\101\004\070\004\074\004\103\004\073\004\117\004\106\004\070\004\070}{section.2}% 10
\BOOKMARK [2][-]{subsection.2.3}{\376\377\004\020\004\075\004\060\004\073\004\070\004\102\004\070\004\107\004\065\004\101\004\072\004\070\004\065\000\040\004\067\004\060\004\077\004\100\004\076\004\101\004\113\000\040\004\072\000\040\004\100\004\065\004\067\004\103\004\073\004\114\004\102\004\060\004\102\004\060\004\074}{section.2}% 11
\BOOKMARK [2][-]{subsection.2.4}{\376\377\004\042\004\065\004\101\004\102\004\076\004\062\004\113\004\065\000\040\004\064\004\060\004\075\004\075\004\113\004\065\000\040\004\070\000\040\004\062\004\070\004\067\004\103\004\060\004\073\004\070\004\067\004\060\004\106\004\070\004\117}{section.2}% 12
\BOOKMARK [1][-]{section.3}{\376\377\004\040\004\060\004\101\004\077\004\100\004\076\004\101\004\102\004\100\004\060\004\075\004\065\004\075\004\070\004\065\000\040\004\101\004\073\004\103\004\105\004\076\004\062}{}% 13
\BOOKMARK [2][-]{subsection.3.1}{\376\377\004\034\004\076\004\064\004\065\004\073\004\114\000\040\004\070\000\040\004\060\004\073\004\063\004\076\004\100\004\070\004\102\004\074}{section.3}% 14
\BOOKMARK [2][-]{subsection.3.2}{\376\377\004\057\004\064\004\100\004\076\000\040\004\101\004\070\004\074\004\103\004\073\004\117\004\106\004\070\004\070}{section.3}% 15
\BOOKMARK [2][-]{subsection.3.3}{\376\377\004\022\004\070\004\067\004\103\004\060\004\073\004\070\004\067\004\060\004\106\004\070\004\117\000\040\004\070\000\040\004\100\004\065\004\067\004\103\004\073\004\114\004\102\004\060\004\102\004\113}{section.3}% 16
\BOOKMARK [1][-]{section.4}{\376\377\004\034\004\076\004\064\004\065\004\073\004\070\004\100\004\076\004\062\004\060\004\075\004\070\004\065\000\040\004\064\004\062\004\070\004\066\004\065\004\075\004\070\004\117\000\040\004\074\004\060\004\102\004\065\004\100\004\070\004\060\004\073\004\114\004\075\004\076\004\071\000\040\004\102\004\076\004\107\004\072\004\070\000\040\004\101\004\076\000\040\004\101\004\073\004\103\004\107\004\060\004\071\004\075\004\113\004\074\000\040\004\110\004\060\004\063\004\076\004\074}{}% 17
\BOOKMARK [1][-]{section.5}{\376\377\004\032\004\073\004\060\004\101\004\102\004\065\004\100\004\113\000\040\004\070\000\040\000k\000-\004\077\004\060\004\102\004\102\004\065\004\100\004\075\004\113}{}% 18
\BOOKMARK [1][-]{section.6}{\376\377\004\041\004\102\004\103\004\077\004\065\004\075\004\107\004\060\004\102\004\060\004\117\000\040\004\104\004\070\004\063\004\103\004\100\004\060}{}% 19
\BOOKMARK [1][-]{section.7}{\376\377\004\032\004\076\004\074\004\077\004\073\004\065\004\072\004\101\004\075\004\076\004\065\000\040\004\061\004\073\004\103\004\066\004\064\004\060\004\075\004\070\004\065}{}% 20
\BOOKMARK [1][-]{section.8}{\376\377\004\021\004\076\004\107\004\072\004\060\000\040\004\101\000\040\004\061\004\065\004\075\004\067\004\070\004\075\004\076\004\074}{}% 21
\BOOKMARK [1][-]{section.9}{\376\377\004\032\004\100\004\070\004\077\004\102\004\076\004\060\004\075\004\060\004\073\004\070\004\067}{}% 22
\BOOKMARK [1][-]{section.10}{\376\377\004\037\004\076\004\064\004\061\004\100\004\060\004\101\004\113\004\062\004\060\004\075\004\070\004\065\000\040\004\074\004\076\004\075\004\065\004\102\004\113\000\040\004\070\004\067\000\040\004\072\004\076\004\110\004\065\004\073\004\114\004\072\004\060}{}% 23
\BOOKMARK [1][-]{section.11}{\376\377\004\024\004\070\004\101\004\072\004\100\004\065\004\102\004\075\004\060\004\117\000\040\004\101\004\073\004\103\004\107\004\060\004\071\004\075\004\060\004\117\000\040\004\062\004\065\004\073\004\070\004\107\004\070\004\075\004\060}{}% 24
\BOOKMARK [1][-]{section.12}{\376\377\004\030\004\063\004\073\004\060\000\040\004\021\004\116\004\104\004\104\004\076\004\075\004\060}{}% 25
\BOOKMARK [1][-]{section.13}{\376\377\000C\004\102\004\060\004\102\004\070\004\101\004\102\004\070\004\072\004\060\000\040\004\063\004\100\004\060\004\104\004\060}{}% 26
\BOOKMARK [1][-]{section.13}{\376\377\004\041\004\077\004\070\004\101\004\076\004\072\000\040\004\070\004\101\004\077\004\076\004\073\004\114\004\067\004\076\004\062\004\060\004\075\004\075\004\113\004\105\000\040\004\070\004\101\004\102\004\076\004\107\004\075\004\070\004\072\004\076\004\062}{}% 27
